[    0.000000] Initializing cgroup subsys cpuset
[    0.000000] Initializing cgroup subsys cpu
[    0.000000] Initializing cgroup subsys cpuacct
[    0.000000] Linux version 4.4.0-210-generic (buildd@lgw01-amd64-009) (gcc version 5.4.0 20160609 (Ubuntu 5.4.0-6ubuntu1~16.04.12) ) #242-Ubuntu SMP Fri Apr 16 09:57:56 UTC 2021 (Ubuntu 4.4.0-210.242-generic 4.4.262)
[    0.000000] Command line: BOOT_IMAGE=/boot/vmlinuz-4.4.0-210-generic root=LABEL=cloudimg-rootfs ro console=tty1 console=ttyS0
[    0.000000] KERNEL supported cpus:
[    0.000000]   Intel GenuineIntel
[    0.000000]   AMD AuthenticAMD
[    0.000000]   Centaur CentaurHauls
[    0.000000] x86/fpu: xstate_offset[2]:  576, xstate_sizes[2]:  256
[    0.000000] x86/fpu: Supporting XSAVE feature 0x01: 'x87 floating point registers'
[    0.000000] x86/fpu: Supporting XSAVE feature 0x02: 'SSE registers'
[    0.000000] x86/fpu: Supporting XSAVE feature 0x04: 'AVX registers'
[    0.000000] x86/fpu: Enabled xstate features 0x7, context size is 832 bytes, using 'standard' format.
[    0.000000] e820: BIOS-provided physical RAM map:
[    0.000000] BIOS-e820: [mem 0x0000000000000000-0x000000000009fbff] usable
[    0.000000] BIOS-e820: [mem 0x000000000009fc00-0x000000000009ffff] reserved
[    0.000000] BIOS-e820: [mem 0x00000000000f0000-0x00000000000fffff] reserved
[    0.000000] BIOS-e820: [mem 0x0000000000100000-0x00000000dffeffff] usable
[    0.000000] BIOS-e820: [mem 0x00000000dfff0000-0x00000000dfffffff] ACPI data
[    0.000000] BIOS-e820: [mem 0x00000000fec00000-0x00000000fec00fff] reserved
[    0.000000] BIOS-e820: [mem 0x00000000fee00000-0x00000000fee00fff] reserved
[    0.000000] BIOS-e820: [mem 0x00000000fffc0000-0x00000000ffffffff] reserved
[    0.000000] BIOS-e820: [mem 0x0000000100000000-0x000000011fffffff] usable
[    0.000000] NX (Execute Disable) protection: active
[    0.000000] SMBIOS 2.5 present.
[    0.000000] Hypervisor detected: KVM
[    0.000000] e820: last_pfn = 0x120000 max_arch_pfn = 0x400000000
[    0.000000] MTRR: Disabled
[    0.000000] x86/PAT: MTRRs disabled, skipping PAT initialization too.
[    0.000000] CPU MTRRs all blank - virtualized system.
[    0.000000] x86/PAT: Configuration [0-7]: WB  WT  UC- UC  WB  WT  UC- UC  
[    0.000000] e820: last_pfn = 0xdfff0 max_arch_pfn = 0x400000000
[    0.000000] found SMP MP-table at [mem 0x0009fff0-0x0009ffff] mapped at [ffff88000009fff0]
[    0.000000] Scanning 1 areas for low memory corruption
[    0.000000] RAMDISK: [mem 0x362dc000-0x37165fff]
[    0.000000] ACPI: Early table checksum verification disabled
[    0.000000] ACPI: RSDP 0x00000000000E0000 000024 (v02 VBOX  )
[    0.000000] ACPI: XSDT 0x00000000DFFF0030 00003C (v01 VBOX   VBOXXSDT 00000001 ASL  00000061)
[    0.000000] ACPI: FACP 0x00000000DFFF00F0 0000F4 (v04 VBOX   VBOXFACP 00000001 ASL  00000061)
[    0.000000] ACPI: DSDT 0x00000000DFFF0470 002325 (v02 VBOX   VBOXBIOS 00000002 INTL 20120111)
[    0.000000] ACPI: FACS 0x00000000DFFF0200 000040
[    0.000000] ACPI: FACS 0x00000000DFFF0200 000040
[    0.000000] ACPI: APIC 0x00000000DFFF0240 00005C (v02 VBOX   VBOXAPIC 00000001 ASL  00000061)
[    0.000000] ACPI: SSDT 0x00000000DFFF02A0 0001CC (v01 VBOX   VBOXCPUT 00000002 INTL 20120111)
[    0.000000] No NUMA configuration found
[    0.000000] Faking a node at [mem 0x0000000000000000-0x000000011fffffff]
[    0.000000] NODE_DATA(0) allocated [mem 0x11fff7000-0x11fffbfff]
[    0.000000] kvm-clock: Using msrs 4b564d01 and 4b564d00
[    0.000000] kvm-clock: cpu 0, msr 1:1ffef001, primary cpu clock
[    0.000000] kvm-clock: using sched offset of 3623409041 cycles
[    0.000000] clocksource: kvm-clock: mask: 0xffffffffffffffff max_cycles: 0x1cd42e4dffb, max_idle_ns: 881590591483 ns
[    0.000000] Zone ranges:
[    0.000000]   DMA      [mem 0x0000000000001000-0x0000000000ffffff]
[    0.000000]   DMA32    [mem 0x0000000001000000-0x00000000ffffffff]
[    0.000000]   Normal   [mem 0x0000000100000000-0x000000011fffffff]
[    0.000000]   Device   empty
[    0.000000] Movable zone start for each node
[    0.000000] Early memory node ranges
[    0.000000]   node   0: [mem 0x0000000000001000-0x000000000009efff]
[    0.000000]   node   0: [mem 0x0000000000100000-0x00000000dffeffff]
[    0.000000]   node   0: [mem 0x0000000100000000-0x000000011fffffff]
[    0.000000] Initmem setup node 0 [mem 0x0000000000001000-0x000000011fffffff]
[    0.000000] ACPI: PM-Timer IO Port: 0x4008
[    0.000000] IOAPIC[0]: apic_id 2, version 32, address 0xfec00000, GSI 0-23
[    0.000000] ACPI: INT_SRC_OVR (bus 0 bus_irq 0 global_irq 2 dfl dfl)
[    0.000000] ACPI: INT_SRC_OVR (bus 0 bus_irq 9 global_irq 9 low level)
[    0.000000] Using ACPI (MADT) for SMP configuration information
[    0.000000] smpboot: Allowing 2 CPUs, 0 hotplug CPUs
[    0.000000] PM: Registered nosave memory: [mem 0x00000000-0x00000fff]
[    0.000000] PM: Registered nosave memory: [mem 0x0009f000-0x0009ffff]
[    0.000000] PM: Registered nosave memory: [mem 0x000a0000-0x000effff]
[    0.000000] PM: Registered nosave memory: [mem 0x000f0000-0x000fffff]
[    0.000000] PM: Registered nosave memory: [mem 0xdfff0000-0xdfffffff]
[    0.000000] PM: Registered nosave memory: [mem 0xe0000000-0xfebfffff]
[    0.000000] PM: Registered nosave memory: [mem 0xfec00000-0xfec00fff]
[    0.000000] PM: Registered nosave memory: [mem 0xfec01000-0xfedfffff]
[    0.000000] PM: Registered nosave memory: [mem 0xfee00000-0xfee00fff]
[    0.000000] PM: Registered nosave memory: [mem 0xfee01000-0xfffbffff]
[    0.000000] PM: Registered nosave memory: [mem 0xfffc0000-0xffffffff]
[    0.000000] e820: [mem 0xe0000000-0xfebfffff] available for PCI devices
[    0.000000] Booting paravirtualized kernel on KVM
[    0.000000] clocksource: refined-jiffies: mask: 0xffffffff max_cycles: 0xffffffff, max_idle_ns: 7645519600211568 ns
[    0.000000] setup_percpu: NR_CPUS:512 nr_cpumask_bits:512 nr_cpu_ids:2 nr_node_ids:1
[    0.000000] PERCPU: Embedded 33 pages/cpu @ffff88011fc00000 s95192 r8192 d31784 u1048576
[    0.000000] Built 1 zonelists in Node order, mobility grouping on.  Total pages: 1032056
[    0.000000] Policy zone: Normal
[    0.000000] Kernel command line: BOOT_IMAGE=/boot/vmlinuz-4.4.0-210-generic root=LABEL=cloudimg-rootfs ro console=tty1 console=ttyS0
[    0.000000] PID hash table entries: 4096 (order: 3, 32768 bytes)
[    0.000000] Memory: 4028304K/4193848K available (8644K kernel code, 1332K rwdata, 4044K rodata, 1492K init, 1164K bss, 165544K reserved, 0K cma-reserved)
[    0.000000] SLUB: HWalign=64, Order=0-3, MinObjects=0, CPUs=2, Nodes=1
[    0.000000] Kernel/User page tables isolation: enabled
[    0.000000] Hierarchical RCU implementation.
[    0.000000] 	Build-time adjustment of leaf fanout to 64.
[    0.000000] 	RCU restricting CPUs from NR_CPUS=512 to nr_cpu_ids=2.
[    0.000000] RCU: Adjusting geometry for rcu_fanout_leaf=64, nr_cpu_ids=2
[    0.000000] NR_IRQS:33024 nr_irqs:440 16
[    0.000000] Console: colour VGA+ 80x25
[    0.000000] console [tty1] enabled
[    0.000000] console [ttyS0] enabled
[    0.000000] tsc: Detected 2592.000 MHz processor
[    0.298268] Calibrating delay loop (skipped) preset value.. 5184.00 BogoMIPS (lpj=10368000)
[    0.300119] pid_max: default: 32768 minimum: 301
[    0.301124] ACPI: Core revision 20150930
[    0.302765] ACPI: 2 ACPI AML tables successfully acquired and loaded
[    0.304259] Security Framework initialized
[    0.305289] Yama: becoming mindful.
[    0.306136] AppArmor: AppArmor initialized
[    0.308290] Dentry cache hash table entries: 524288 (order: 10, 4194304 bytes)
[    0.312211] Inode-cache hash table entries: 262144 (order: 9, 2097152 bytes)
[    0.314594] Mount-cache hash table entries: 8192 (order: 4, 65536 bytes)
[    0.316088] Mountpoint-cache hash table entries: 8192 (order: 4, 65536 bytes)
[    0.319404] Initializing cgroup subsys io
[    0.320828] Initializing cgroup subsys memory
[    0.321818] Initializing cgroup subsys devices
[    0.323195] Initializing cgroup subsys freezer
[    0.324432] Initializing cgroup subsys net_cls
[    0.325702] Initializing cgroup subsys perf_event
[    0.327110] Initializing cgroup subsys net_prio
[    0.328250] Initializing cgroup subsys hugetlb
[    0.329202] Initializing cgroup subsys pids
[    0.342242] mce: CPU supports 0 MCE banks
[    0.343435] Last level iTLB entries: 4KB 64, 2MB 8, 4MB 8
[    0.344816] Last level dTLB entries: 4KB 64, 2MB 0, 4MB 0, 1GB 4
[    0.346126] Spectre V1 : Mitigation: usercopy/swapgs barriers and __user pointer sanitization
[    0.347837] Spectre V2 : Mitigation: Full generic retpoline
[    0.348922] Spectre V2 : Spectre v2 / SpectreRSB mitigation: Filling RSB on context switch
[    0.350614] Speculative Store Bypass: Vulnerable
[    0.351547] SRBDS: Unknown: Dependent on hypervisor status
[    0.352672] MDS: Mitigation: Clear CPU buffers
[    0.355673] Freeing SMP alternatives memory: 36K
[    0.361488] ftrace: allocating 32380 entries in 127 pages
[    0.409934] smpboot: APIC(0) Converting physical 0 to logical package 0
[    0.412150] smpboot: Max logical packages: 1
[    0.413438] x2apic enabled
[    0.414438] Switched APIC routing to physical x2apic.
[    0.416793] ..TIMER: vector=0x30 apic1=0 pin1=2 apic2=-1 pin2=-1
[    0.526394] smpboot: CPU0: Intel(R) Core(TM) i7-9750H CPU @ 2.60GHz (family: 0x6, model: 0x9e, stepping: 0xa)
[    0.528977] Performance Events: unsupported p6 CPU model 158 no PMU driver, software events only.
[    0.539712] KVM setup paravirtual spinlock
[    0.541316] x86: Booting SMP configuration:
[    0.542470] .... node  #0, CPUs:      #1
[    0.543739] kvm-clock: cpu 1, msr 1:1ffef041, secondary cpu clock
[    0.556011] mce: CPU supports 0 MCE banks
[    0.558968] x86: Booted up 1 node, 2 CPUs
[    0.560463] smpboot: Total of 2 processors activated (10368.00 BogoMIPS)
[    0.561998] devtmpfs: initialized
[    0.564555] evm: security.selinux
[    0.565330] evm: security.SMACK64
[    0.566070] evm: security.SMACK64EXEC
[    0.567164] evm: security.SMACK64TRANSMUTE
[    0.570665] evm: security.SMACK64MMAP
[    0.571593] evm: security.ima
[    0.572298] evm: security.capability
[    0.573340] clocksource: jiffies: mask: 0xffffffff max_cycles: 0xffffffff, max_idle_ns: 7645041785100000 ns
[    0.576681] futex hash table entries: 512 (order: 3, 32768 bytes)
[    0.578681] pinctrl core: initialized pinctrl subsystem
[    0.580385] RTC time:  9:43:46, date: 08/10/21
[    0.581688] NET: Registered protocol family 16
[    0.594871] cpuidle: using governor ladder
[    0.606903] cpuidle: using governor menu
[    0.608032] PCCT header not found.
[    0.609220] ACPI: bus type PCI registered
[    0.610156] acpiphp: ACPI Hot Plug PCI Controller Driver version: 0.5
[    0.611827] PCI: Using configuration type 1 for base access
[    0.643017] ACPI: Added _OSI(Module Device)
[    0.644632] ACPI: Added _OSI(Processor Device)
[    0.645946] ACPI: Added _OSI(3.0 _SCP Extensions)
[    0.647703] ACPI: Added _OSI(Processor Aggregator Device)
[    0.650035] ACPI: Executed 1 blocks of module-level executable AML code
[    0.653434] ACPI: Interpreter enabled
[    0.654454] ACPI: (supports S0 S5)
[    0.655397] ACPI: Using IOAPIC for interrupt routing
[    0.656692] PCI: Using host bridge windows from ACPI; if necessary, use "pci=nocrs" and report a bug
[    0.662732] ACPI: PCI Root Bridge [PCI0] (domain 0000 [bus 00-ff])
[    0.665029] acpi PNP0A03:00: _OSC: OS supports [ASPM ClockPM Segments MSI]
[    0.670710] acpi PNP0A03:00: _OSC: not requesting OS control; OS requires [ExtendedConfig ASPM ClockPM MSI]
[    0.675548] acpi PNP0A03:00: fail to add MMCONFIG information, can't access extended PCI configuration space under this bridge.
[    0.688627] PCI host bridge to bus 0000:00
[    0.689652] pci_bus 0000:00: root bus resource [io  0x0000-0x0cf7 window]
[    0.691199] pci_bus 0000:00: root bus resource [io  0x0d00-0xffff window]
[    0.692918] pci_bus 0000:00: root bus resource [mem 0x000a0000-0x000bffff window]
[    0.694709] pci_bus 0000:00: root bus resource [mem 0xe0000000-0xfdffffff window]
[    0.697561] pci_bus 0000:00: root bus resource [bus 00-ff]
[    0.701040] pci 0000:00:01.1: legacy IDE quirk: reg 0x10: [io  0x01f0-0x01f7]
[    0.702370] pci 0000:00:01.1: legacy IDE quirk: reg 0x14: [io  0x03f6]
[    0.703594] pci 0000:00:01.1: legacy IDE quirk: reg 0x18: [io  0x0170-0x0177]
[    0.705222] pci 0000:00:01.1: legacy IDE quirk: reg 0x1c: [io  0x0376]
[    0.751862] pci 0000:00:07.0: quirk: [io  0x4000-0x403f] claimed by PIIX4 ACPI
[    0.754195] pci 0000:00:07.0: quirk: [io  0x4100-0x410f] claimed by PIIX4 SMB
[    0.782263] ACPI: PCI Interrupt Link [LNKA] (IRQs 5 9 10 *11)
[    0.784583] ACPI: PCI Interrupt Link [LNKB] (IRQs 5 9 *10 11)
[    0.787483] ACPI: PCI Interrupt Link [LNKC] (IRQs 5 *9 10 11)
[    0.789428] ACPI: PCI Interrupt Link [LNKD] (IRQs 5 9 10 *11)
[    0.791760] ACPI: Enabled 2 GPEs in block 00 to 07
[    0.793523] vgaarb: setting as boot device: PCI:0000:00:02.0
[    0.795516] vgaarb: device added: PCI:0000:00:02.0,decodes=io+mem,owns=io+mem,locks=none
[    0.798061] vgaarb: loaded
[    0.799159] vgaarb: bridge control possible 0000:00:02.0
[    0.800967] SCSI subsystem initialized
[    0.802224] ACPI: bus type USB registered
[    0.803590] usbcore: registered new interface driver usbfs
[    0.804962] usbcore: registered new interface driver hub
[    0.806411] usbcore: registered new device driver usb
[    0.807991] PCI: Using ACPI for IRQ routing
[    0.809513] NetLabel: Initializing
[    0.810479] NetLabel:  domain hash size = 128
[    0.811624] NetLabel:  protocols = UNLABELED CIPSOv4
[    0.813203] NetLabel:  unlabeled traffic allowed by default
[    0.815250] amd_nb: Cannot enumerate AMD northbridges
[    0.818953] clocksource: Switched to clocksource kvm-clock
[    0.831185] AppArmor: AppArmor Filesystem Enabled
[    0.832909] pnp: PnP ACPI init
[    0.835875] pnp: PnP ACPI: found 3 devices
[    0.849114] clocksource: acpi_pm: mask: 0xffffff max_cycles: 0xffffff, max_idle_ns: 2085701024 ns
[    0.851252] NET: Registered protocol family 2
[    0.852440] TCP established hash table entries: 32768 (order: 6, 262144 bytes)
[    0.854214] TCP bind hash table entries: 32768 (order: 7, 524288 bytes)
[    0.856806] TCP: Hash tables configured (established 32768 bind 32768)
[    0.858082] UDP hash table entries: 2048 (order: 4, 65536 bytes)
[    0.859290] UDP-Lite hash table entries: 2048 (order: 4, 65536 bytes)
[    0.860569] NET: Registered protocol family 1
[    0.861477] pci 0000:00:00.0: Limiting direct PCI/PCI transfers
[    0.862699] pci 0000:00:01.0: Activating ISA DMA hang workarounds
[    0.864089] Unpacking initramfs...
[    1.079985] Freeing initrd memory: 14888K
[    1.081030] PCI-DMA: Using software bounce buffering for IO (SWIOTLB)
[    1.082420] software IO TLB: mapped [mem 0xdbff0000-0xdfff0000] (64MB)
[    1.084208] clocksource: tsc: mask: 0xffffffffffffffff max_cycles: 0x255cb6cc5db, max_idle_ns: 440795203504 ns
[    1.087275] platform rtc_cmos: registered platform RTC device (no PNP device found)
[    1.089834] Scanning for low memory corruption every 60 seconds
[    1.091667] audit: initializing netlink subsys (disabled)
[    1.092846] audit: type=2000 audit(1628588631.465:1): initialized
[    1.094295] Initialise system trusted keyring
[    1.095375] HugeTLB registered 2 MB page size, pre-allocated 0 pages
[    1.097780] zbud: loaded
[    1.098754] VFS: Disk quotas dquot_6.6.0
[    1.100079] VFS: Dquot-cache hash table entries: 512 (order 0, 4096 bytes)
[    1.102053] squashfs: version 4.0 (2009/01/31) Phillip Lougher
[    1.103530] fuse init (API version 7.23)
[    1.105094] Key type big_key registered
[    1.105922] Allocating IMA MOK and blacklist keyrings.
[    1.107469] Key type asymmetric registered
[    1.108354] Asymmetric key parser 'x509' registered
[    1.109376] Block layer SCSI generic (bsg) driver version 0.4 loaded (major 249)
[    1.112110] io scheduler noop registered
[    1.113852] io scheduler deadline registered (default)
[    1.115552] io scheduler cfq registered
[    1.116625] pci_hotplug: PCI Hot Plug PCI Core version: 0.5
[    1.117859] pciehp: PCI Express Hot Plug Controller Driver version: 0.4
[    1.120033] ACPI: AC Adapter [AC] (on-line)
[    1.121370] input: Power Button as /devices/LNXSYSTM:00/LNXPWRBN:00/input/input0
[    1.123136] ACPI: Power Button [PWRF]
[    1.124451] input: Sleep Button as /devices/LNXSYSTM:00/LNXSLPBN:00/input/input1
[    1.126935] ACPI: Sleep Button [SLPF]
[    1.128437] GHES: HEST is not enabled!
[    1.131570] Serial: 8250/16550 driver, 32 ports, IRQ sharing enabled
[    1.154814] 00:02: ttyS0 at I/O 0x3f8 (irq = 4, base_baud = 115200) is a 16550A
[    1.155588] ACPI: Battery Slot [BAT0] (battery present)
[    1.158890] Linux agpgart interface v0.103
[    1.161556] loop: module loaded
[    1.163148] scsi host0: ata_piix
[    1.164104] scsi host1: ata_piix
[    1.165027] ata1: PATA max UDMA/33 cmd 0x1f0 ctl 0x3f6 bmdma 0xd000 irq 14
[    1.166343] ata2: PATA max UDMA/33 cmd 0x170 ctl 0x376 bmdma 0xd008 irq 15
[    1.167787] libphy: Fixed MDIO Bus: probed
[    1.169162] tun: Universal TUN/TAP device driver, 1.6
[    1.171686] tun: (C) 1999-2004 Max Krasnyansky <maxk@qualcomm.com>
[    1.172958] PPP generic driver version 2.4.2
[    1.173905] ehci_hcd: USB 2.0 'Enhanced' Host Controller (EHCI) Driver
[    1.175657] ehci-pci: EHCI PCI platform driver
[    1.179711] ehci-platform: EHCI generic platform driver
[    1.180781] ohci_hcd: USB 1.1 'Open' Host Controller (OHCI) Driver
[    1.182186] ohci-pci: OHCI PCI platform driver
[    1.183478] ohci-platform: OHCI generic platform driver
[    1.184700] uhci_hcd: USB Universal Host Controller Interface driver
[    1.186373] i8042: PNP: PS/2 Controller [PNP0303:PS2K,PNP0f03:PS2M] at 0x60,0x64 irq 1,12
[    1.188870] serio: i8042 KBD port at 0x60,0x64 irq 1
[    1.190189] serio: i8042 AUX port at 0x60,0x64 irq 12
[    1.191515] mousedev: PS/2 mouse device common for all mice
[    1.193568] rtc_cmos rtc_cmos: rtc core: registered rtc_cmos as rtc0
[    1.193587] input: AT Translated Set 2 keyboard as /devices/platform/i8042/serio0/input/input2
[    1.197748] rtc_cmos rtc_cmos: alarms up to one day, 114 bytes nvram
[    1.199236] i2c /dev entries driver
[    1.200488] device-mapper: uevent: version 1.0.3
[    1.201602] device-mapper: ioctl: 4.34.0-ioctl (2015-10-28) initialised: dm-devel@redhat.com
[    1.203428] ledtrig-cpu: registered to indicate activity on CPUs
[    1.205241] NET: Registered protocol family 10
[    1.206261] NET: Registered protocol family 17
[    1.207189] Key type dns_resolver registered
[    1.208357] registered taskstats version 1
[    1.209668] Loading compiled-in X.509 certificates
[    1.211168] Loaded X.509 cert 'Build time autogenerated kernel key: cf00e047681d67edb2720680708b7d9498083038'
[    1.214602] zswap: loaded using pool lzo/zbud
[    1.217243] Key type trusted registered
[    1.220621] Key type encrypted registered
[    1.221620] AppArmor: AppArmor sha1 policy hashing enabled
[    1.222736] ima: No TPM chip found, activating TPM-bypass!
[    1.224577] ima: Allocated hash algorithm: sha1
[    1.226039] evm: HMAC attrs: 0x1
[    1.228080]   Magic number: 1:401:727
[    1.229262] block loop7: hash matches
[    1.230367] rtc_cmos rtc_cmos: setting system clock to 2021-08-10 09:43:46 UTC (1628588626)
[    1.232955] BIOS EDD facility v0.16 2004-Jun-25, 0 devices found
[    1.234702] EDD information not available.
[    1.390532] Freeing unused kernel memory: 1492K
[    1.391613] Write protecting the kernel read-only data: 14336k
[    1.393268] Freeing unused kernel memory: 1584K
[    1.394397] Freeing unused kernel memory: 52K
Loading, please wait...
starting version 229
[    1.404971] random: systemd-udevd: uninitialized urandom read (16 bytes read, 3 bits of entropy available)
[    1.405267] random: udevadm: uninitialized urandom read (16 bytes read, 3 bits of entropy available)
[    1.405289] random: udevadm: uninitialized urandom read (16 bytes read, 3 bits of entropy available)
[    1.410802] random: systemd-udevd: uninitialized urandom read (16 bytes read, 3 bits of entropy available)
[    1.410848] random: udevadm: uninitialized urandom read (16 bytes read, 3 bits of entropy available)
[    1.410887] random: udevadm: uninitialized urandom read (16 bytes read, 3 bits of entropy available)
[    1.411047] random: udevadm: uninitialized urandom read (16 bytes read, 3 bits of entropy available)
[    1.411092] random: udevadm: uninitialized urandom read (16 bytes read, 3 bits of entropy available)
[    1.411135] random: udevadm: uninitialized urandom read (16 bytes read, 3 bits of entropy available)
[    1.411179] random: udevadm: uninitialized urandom read (16 bytes read, 3 bits of entropy available)
[    1.465597] e1000: Intel(R) PRO/1000 Network Driver - version 7.3.21-k8-NAPI
[    1.473118] e1000: Copyright (c) 1999-2006 Intel Corporation.
[    1.477179] Fusion MPT base driver 3.04.20
[    1.482953] Copyright (c) 1999-2008 LSI Corporation
[    1.503529] AVX2 version of gcm_enc/dec engaged.
[    1.505000] AES CTR mode by8 optimization enabled
[    1.524472] Fusion MPT SPI Host driver 3.04.20
[    1.698293] input: ImExPS/2 Generic Explorer Mouse as /devices/platform/i8042/serio1/input/input4
[    1.883925] e1000 0000:00:03.0 eth0: (PCI:33MHz:32-bit) 02:a0:46:b5:71:eb
[    1.886090] e1000 0000:00:03.0 eth0: Intel(R) PRO/1000 Network Connection
[    1.889344] mptbase: ioc0: Initiating bringup
[    2.127622] ioc0: LSI53C1030 A0: Capabilities={Initiator}
[    4.125958] scsi host2: ioc0: LSI53C1030 A0, FwRev=00000000h, Ports=1, MaxQ=256, IRQ=20
[    5.103895] scsi 2:0:0:0: Direct-Access     VBOX     HARDDISK         1.0  PQ: 0 ANSI: 5
[    5.106486] scsi target2:0:0: Beginning Domain Validation
[    5.108469] scsi target2:0:0: Domain Validation skipping write tests
[    5.109688] scsi target2:0:0: Ending Domain Validation
[    5.110740] scsi target2:0:0: asynchronous
[    5.111884] scsi 2:0:1:0: Direct-Access     VBOX     HARDDISK         1.0  PQ: 0 ANSI: 5
[    5.113574] scsi target2:0:1: Beginning Domain Validation
[    5.116543] scsi target2:0:1: Domain Validation skipping write tests
[    5.118063] scsi target2:0:1: Ending Domain Validation
[    5.119267] scsi target2:0:1: asynchronous
[    5.125628] sd 2:0:0:0: [sda] 83886080 512-byte logical blocks: (42.9 GB/40.0 GiB)
[    5.125912] sd 2:0:0:0: Attached scsi generic sg0 type 0
[    5.126053] sd 2:0:1:0: Attached scsi generic sg1 type 0
[    5.130432] sd 2:0:1:0: [sdb] 20480 512-byte logical blocks: (10.5 MB/10.0 MiB)
[    5.130477] sd 2:0:0:0: [sda] Write Protect is off
[    5.130624] sd 2:0:0:0: [sda] Incomplete mode parameter data
[    5.130625] sd 2:0:0:0: [sda] Assuming drive cache: write through
[    5.137770] sd 2:0:1:0: [sdb] Write Protect is off
[    5.139546] sd 2:0:1:0: [sdb] Incomplete mode parameter data
[    5.141433] sd 2:0:1:0: [sdb] Assuming drive cache: write through
[    5.145857] sd 2:0:1:0: [sdb] Attached SCSI disk
[    5.151678]  sda: sda1
[    5.153287] sd 2:0:0:0: [sda] Attached SCSI disk
[    5.564065] e1000 0000:00:08.0 eth1: (PCI:33MHz:32-bit) 08:00:27:03:22:ae
[    5.566192] e1000 0000:00:08.0 eth1: Intel(R) PRO/1000 Network Connection
[    5.569410] e1000 0000:00:03.0 enp0s3: renamed from eth0
[    5.583216] e1000 0000:00:08.0 enp0s8: renamed from eth1
Begin: Loading essential drivers ... [    6.846231] md: linear personality registered for level -1
[    6.850396] md: multipath personality registered for level -4
[    6.854429] md: raid0 personality registered for level 0
[    6.858789] md: raid1 personality registered for level 1
[    6.931057] raid6: sse2x1   gen() 11081 MB/s
[    6.999047] raid6: sse2x1   xor()  8701 MB/s
[    7.067042] raid6: sse2x2   gen() 14194 MB/s
[    7.135064] raid6: sse2x2   xor() 10025 MB/s
[    7.203023] raid6: sse2x4   gen() 15579 MB/s
[    7.271114] raid6: sse2x4   xor() 10520 MB/s
[    7.339084] raid6: avx2x1   gen() 17065 MB/s
[    7.407013] raid6: avx2x2   gen() 21323 MB/s
[    7.475142] raid6: avx2x4   gen() 22721 MB/s
[    7.476270] raid6: using algorithm avx2x4 gen() 22721 MB/s
[    7.477877] raid6: using avx2x2 recovery algorithm
[    7.480049] xor: automatically using best checksumming function:
[    7.519000]    avx       : 26022.000 MB/sec
[    7.521479] async_tx: api initialized (async)
[    7.532395] md: raid6 personality registered for level 6
[    7.533780] md: raid5 personality registered for level 5
[    7.535431] md: raid4 personality registered for level 4
[    7.542825] md: raid10 personality registered for level 10
done.
Begin: Running /scripts/init-premount ... done.
Begin: Mounting root file system ... Begin: Running /scripts/local-top ... done.
Begin: Running /scripts/local-premount ... [    7.568054] Btrfs loaded
Scanning for Btrfs filesystems
done.
Warning: fsck not present, so skipping root file system
[    7.592250] EXT4-fs (sda1): mounted filesystem with ordered data mode. Opts: (null)
done.
Begin: Running /scripts/local-bottom ... done.
Begin: Running /scripts/init-bottom ... done.
[    7.678170] systemd[1]: systemd 229 running in system mode. (+PAM +AUDIT +SELINUX +IMA +APPARMOR +SMACK +SYSVINIT +UTMP +LIBCRYPTSETUP +GCRYPT +GNUTLS +ACL +XZ -LZ4 +SECCOMP +BLKID +ELFUTILS +KMOD -IDN)
[    7.682011] systemd[1]: Detected virtualization oracle.
[    7.683595] systemd[1]: Detected architecture x86-64.

Welcome to [1mUbuntu 16.04.7 LTS[0m!

[    7.688674] systemd[1]: Set hostname to <ubuntu>.
[    7.692528] systemd[1]: Initializing machine ID from random generator.
[    7.694147] systemd[1]: Installed transient /etc/machine-id file.
[    7.838092] systemd[1]: Listening on LVM2 metadata daemon socket.
[[0;32m  OK  [0m] Listening on LVM2 metadata daemon socket.
[    7.840939] systemd[1]: Listening on Journal Audit Socket.
[[0;32m  OK  [0m] Listening on Journal Audit Socket.
[    7.843224] systemd[1]: Listening on udev Control Socket.
[[0;32m  OK  [0m] Listening on udev Control Socket.
[    7.851608] systemd[1]: Reached target System Time Synchronized.
[[0;32m  OK  [0m] Reached target System Time Synchronized.
[    7.854081] systemd[1]: Reached target User and Group Name Lookups.
[[0;32m  OK  [0m] Reached target User and Group Name Lookups.
[    7.863670] systemd[1]: Listening on fsck to fsckd communication Socket.
[[0;32m  OK  [0m] Listening on fsck to fsckd communication Socket.
[    7.871323] systemd[1]: Listening on Journal Socket.
[[0;32m  OK  [0m] Listening on Journal Socket.
[    7.873575] systemd[1]: Listening on LVM2 poll daemon socket.
[[0;32m  OK  [0m] Listening on LVM2 poll daemon socket.
[    7.880337] systemd[1]: Listening on /dev/initctl Compatibility Named Pipe.
[[0;32m  OK  [0m] Listening on /dev/initctl Compatibility Named Pipe.
[    7.887805] systemd[1]: Created slice System Slice.
[[0;32m  OK  [0m] Created slice System Slice.
[    7.903528] systemd[1]: Mounting Huge Pages File System...
         Mounting Huge Pages File System...
[    7.906724] systemd[1]: Starting Uncomplicated firewall...
         Starting Uncomplicated firewall...
[    7.909274] systemd[1]: Starting File System Check on Root Device...
         Starting File System Check on Root Device...
[    7.912082] systemd[1]: Starting Create list of required static device nodes for the current kernel...
         Starting Create list of required st... nodes for the current kernel...
[    7.915610] systemd[1]: Started Forward Password Requests to Wall Directory Watch.
[[0;32m  OK  [0m] Started Forward Password Requests to Wall Directory Watch.
[    7.920045] systemd[1]: Reached target Encrypted Volumes.
[[0;32m  OK  [0m] Reached target Encrypted Volumes.
[    7.922496] systemd[1]: Reached target Swap.
[[0;32m  OK  [0m] Reached target Swap.
[    7.925581] systemd[1]: Created slice User and Session Slice.
[[0;32m  OK  [0m] Created slice User and Session Slice.
[    7.928832] systemd[1]: Reached target Slices.
[[0;32m  OK  [0m] Reached target Slices.
[    7.931792] systemd[1]: Listening on Device-mapper event daemon FIFOs.
[[0;32m  OK  [0m] Listening on Device-mapper event daemon FIFOs.
[    7.935953] systemd[1]: Listening on Syslog Socket.
[[0;32m  OK  [0m] Listening on Syslog Socket.
[    7.959540] systemd[1]: Mounting POSIX Message Queue File System...
         Mounting POSIX Message Queue File System...
[    7.962881] systemd[1]: Listening on Journal Socket (/dev/log).
[[0;32m  OK  [0m] Listening on Journal Socket (/dev/log).
[    7.966174] systemd[1]: Starting Monitoring of LVM2 mirrors, snapshots etc. using dmeventd or progress polling...
         Starting Monitoring of LVM2 mirrors... dmeventd or progress polling...
[    7.970755] systemd[1]: Set up automount Arbitrary Executable File Formats File System Automount Point.
[[0;32m  OK  [0m] Set up automount Arbitrary Executab...ats File System Automount Point.
[    7.984364] systemd[1]: Listening on udev Kernel Socket.
[[0;32m  OK  [0m] Listening on udev Kernel Socket.
[    7.999654] systemd[1]: Starting Set console keymap...
         Starting Set console keymap...
[    8.002683] systemd[1]: Mounting Debug File System...
         Mounting Debug File System...
[    8.005424] systemd[1]: Starting Nameserver information manager...
         Starting Nameserver information manager...
[    8.015743] systemd[1]: Starting Journal Service...
         Starting Journal Service...
[    8.019021] systemd[1]: Started Trigger resolvconf update for networkd DNS.
[[0;32m  OK  [0m] Started Trigger resolvconf update for networkd DNS.
[    8.028211] systemd[1]: Starting Load Kernel Modules...
         Starting Load Kernel Modules...
[    8.031478] systemd[1]: Created slice system-serial\x2dgetty.slice.
[[0;32m  OK  [0m] Created slice system-serial\x2dgetty.slice.
[    8.043306] systemd[1]: Mounted POSIX Message Queue File System.
[[0;32m  OK  [0m] Mounted POSIX Message Queue File System.
[    8.051269] systemd[1]: Mounted Huge Pages File System.
[    8.051283] Loading iSCSI transport class v2.0-870.
[[0;32m  OK  [0m] Mounted Huge Pages File System.
[    8.055392] systemd[1]: Mounted Debug File System.
[[0;32m  OK  [0m] Mounted Debug File System.
[    8.059708] systemd[1]: Started Uncomplicated firewall.
[    8.061315] iscsi: registered transport (tcp)
[[0;32m  OK  [0m] Started Uncomplicated firewall.
[    8.064124] systemd[1]: Started File System Check on Root Device.
[[0;32m  OK  [0m] Started File System Check on Root Device.
[    8.068751] systemd[1]: Started Create list of required static device nodes for the current kernel.
[[0;32m  OK  [0m] Started Create list of required sta...ce nodes for the current kernel.
[    8.077277] systemd[1]: Started Set console keymap.
[[0;32m  OK  [0m] Started Set console keymap.
[    8.088899] systemd[1]: Started Journal Service.
[[0;32m  OK  [0m] Started Journal Service.
[[0;32m  OK  [0m] Started File System Check Daemon to report status.
[    8.096282] iscsi: registered transport (iser)
[[0;32m  OK  [0m] Started LVM2 metadata daemon.
         Starting Create Static Device Nodes in /dev...
         Starting Remount Root and Kernel File Systems...
[[0;32m  OK  [0m] Started Load Kernel Modules.
[[0;32m  OK  [0m] Started Nameserver information manager.
[    8.111062] EXT4-fs (sda1): re-mounted. Opts: (null)
         Mounting FUSE Control File System...
         Starting Apply Kernel Variables...
[[0;32m  OK  [0m] Started Remount Root and Kernel File Systems.
         Starting Flush Journal to Persistent Storage...
         Starting udev Coldplug all Devices...
         Starting Load/Save Random Seed...
[[0;32m  OK  [0m] Mounted FUSE Control File System.
[[0;32m  OK  [0m] Started Create Static Device Nodes in /dev.
[[0;32m  OK  [0m] Started Apply Kernel Variables.
[[0;32m  OK  [0m] Started Load/Save Random Seed.
         Starting udev Kernel Device Manager...
[[0;32m  OK  [0m] Started Monitoring of LVM2 mirrors,...ng dmeventd or progress polling.
[[0;32m  OK  [0m] Reached target Local File Systems (Pre).
[[0;32m  OK  [0m] Reached target Local File Systems.
         Starting Initial cloud-init job (pre-networking)...
         Starting Tell Plymouth To Write Out Runtime Data...
         Starting Set console font and keymap...
         Starting Commit a transient machine-id on disk...
         Starting LSB: AppArmor initialization...
[[0;32m  OK  [0m] Started Flush Journal to Persistent Storage.
         Starting Create Volatile Files and Directories...
[[0;32m  OK  [0m] Started Tell Plymouth To Write Out Runtime Data.
[[0;32m  OK  [0m] Started Create Volatile Files and Directories.
         Starting Update UTMP about System Boot/Shutdown...
[[0;32m  OK  [0m] Started udev Coldplug all Devices.
[[0;32m  OK  [0m] Started Commit a transient machine-id on disk.
[[0;32m  OK  [0m] Started udev Kernel Device Manager.
[[0;32m  OK  [0m] Started Dispatch Password Requests to Console Directory Watch.
[[0;32m  OK  [0m] Started Update UTMP about System Boot/Shutdown.
[[0;32m  OK  [0m] Found device /dev/ttyS0.
[[0;32m  OK  [0m] Listening on Load/Save RF Kill Switch Status /dev/rfkill Watch.
[[0;32m  OK  [0m] Started Set console font and keymap.
[[0;32m  OK  [0m] Created slice system-getty.slice.
[[0;32m  OK  [0m] Started LSB: AppArmor initialization.
         Starting Load AppArmor profiles managed internally by snapd...
[[0;32m  OK  [0m] Started Load AppArmor profiles managed internally by snapd.
[   10.122508] cloud-init[473]: Cloud-init v. 21.1-19-gbad84ad4-0ubuntu1~16.04.2 running 'init-local' at Tue, 10 Aug 2021 09:43:55 +0000. Up 9.89 seconds.
[[0;32m  OK  [0m] Started Initial cloud-init job (pre-networking).
[[0;32m  OK  [0m] Reached target Network (Pre).
         Starting Raise network interfaces...
[[0;32m  OK  [0m] Started Raise network interfaces.
[[0;32m  OK  [0m] Reached target Network.
         Starting Initial cloud-init job (metadata service crawler)...
[   11.203467] cloud-init[949]: Cloud-init v. 21.1-19-gbad84ad4-0ubuntu1~16.04.2 running 'init' at Tue, 10 Aug 2021 09:43:56 +0000. Up 10.58 seconds.
[   11.212441] cloud-init[949]: ci-info: ++++++++++++++++++++++++++++++++++++++Net device info+++++++++++++++++++++++++++++++++++++++
[   11.214327] cloud-init[949]: ci-info: +--------+-------+----------------------------+---------------+--------+-------------------+
[   11.215967] cloud-init[949]: ci-info: | Device |   Up  |          Address           |      Mask     | Scope  |     Hw-Address    |
[   11.218293] cloud-init[949]: ci-info: +--------+-------+----------------------------+---------------+--------+-------------------+
[   11.220224] cloud-init[949]: ci-info: | enp0s3 |  True |         10.0.2.15          | 255.255.255.0 | global | 02:a0:46:b5:71:eb |
[   11.222142] cloud-init[949]: ci-info: | enp0s3 |  True | fe80::a0:46ff:feb5:71eb/64 |       .       |  link  | 02:a0:46:b5:71:eb |
[   11.224514] cloud-init[949]: ci-info: | enp0s8 | False |             .              |       .       |   .    | 08:00:27:03:22:ae |
[   11.226707] cloud-init[949]: ci-info: |   lo   |  True |         127.0.0.1          |   255.0.0.0   |  host  |         .         |
[   11.228792] cloud-init[949]: ci-info: |   lo   |  True |          ::1/128           |       .       |  host  |         .         |
[   11.230971] cloud-init[949]: ci-info: +--------+-------+----------------------------+---------------+--------+-------------------+
[   11.232848] cloud-init[949]: ci-info: +++++++++++++++++++++++++++Route IPv4 info++++++++++++++++++++++++++++
[   11.234335] cloud-init[949]: ci-info: +-------+-------------+----------+---------------+-----------+-------+
[   11.235906] cloud-init[949]: ci-info: | Route | Destination | Gateway  |    Genmask    | Interface | Flags |
[   11.244484] cloud-init[949]: ci-info: +-------+-------------+----------+---------------+-----------+-------+
[   11.246334] cloud-init[949]: ci-info: |   0   |   0.0.0.0   | 10.0.2.2 |    0.0.0.0    |   enp0s3  |   UG  |
[   11.247954] cloud-init[949]: ci-info: |   1   |   10.0.2.0  | 0.0.0.0  | 255.255.255.0 |   enp0s3  |   U   |
[   11.256521] cloud-init[949]: ci-info: +-------+-------------+----------+---------------+-----------+-------+
[   11.258544] cloud-init[949]: ci-info: +++++++++++++++++++Route IPv6 info+++++++++++++++++++
[   11.260959] cloud-init[949]: ci-info: +-------+-------------+---------+-----------+-------+
[   11.262764] cloud-init[949]: ci-info: | Route | Destination | Gateway | Interface | Flags |
[   11.264544] cloud-init[949]: ci-info: +-------+-------------+---------+-----------+-------+
[   11.266310] cloud-init[949]: ci-info: |   0   |  fe80::/64  |    ::   |   enp0s3  |   U   |
[   11.266605] cloud-init[949]: ci-info: |   3   |   ff00::/8  |    ::   |   enp0s3  |   U   |
[   11.267270] cloud-init[949]: ci-info: +-------+-------------+---------+-----------+-------+
[   11.267918] cloud-init[949]: Generating public/private rsa key pair.
[   11.268582] cloud-init[949]: Your identification has been saved in /etc/ssh/ssh_host_rsa_key.
[   11.269222] cloud-init[949]: Your public key has been saved in /etc/ssh/ssh_host_rsa_key.pub.
[   11.269885] cloud-init[949]: The key fingerprint is:
[[0;32m  OK  [0m] Started Initial cloud-init job (metadata service crawler).
[   11.270296] cloud-init[949]: SHA256:4YQ9knsV5qsP4BukbbOTtXhtZUSkq3ppw1NJ6VPlPYY root@ubuntu-xenial
[   11.282691] cloud-init[949]: The key's randomart image is:
[   11.282877] cloud-init[949]: +---[RSA 2048]----+
[   11.282924] cloud-init[949]: |          o..    |
[[0;32m  OK  [0m] Reached target Cloud-config availability.
[[   11.283070] cloud-init[949]: |       + o o. .  |
[   11.286349] cloud-init[949]: |      + = +o o.. |
[0;32m  OK  [0m] Reached target Network is Online.
[   11.286417] cloud-init[949]: |       = +oooE.o.|
[   11.289433] cloud-init[949]: |      + Soo+  . .|
[   11.290484] cloud-init[949]: |     = o.o= o    |
[   11.291457] cloud-init[949]: |    . *=+= +     |
[   11.292730] cloud-init[949]: |     .+*Xoo      |
[   11.300460] cloud-init[949]: |      += +.      |
[   11.301792] cloud-init[949]: +----[SHA256]-----+
[   11.302885] cloud-init[949]: Generating public/private dsa key pair.
[   11.304342] cloud-init[949]: Your identification has been saved in /etc/ssh/ssh_host_dsa_key.
[   11.305790] cloud-init[949]: Your public key has been saved in /etc/ssh/ssh_host_dsa_key.pub.
[   11.307443] cloud-init[949]: The key fingerprint is:
[   11.307664] cloud-init[949]: SHA256:Gnamc7y5yl6nLljyYvQvhXHNNBRGfQwdo6TAEguoZvM root@ubuntu-xenial
[   11.308755] cloud-init[949]: The key's randomart image is:
[   11.309403] cloud-init[949]: +---[DSA 1024]----+
[   11.310049] cloud-init[949]: |   .. .o.o=oo+o. |
[   11.310695] cloud-init[949]: |  .  ....ooo..+. |
[   11.311380] cloud-init[949]: | .    .. +....   |
[   11.312026] cloud-init[949]: |.+    . . o      |
[   11.312845] cloud-init[949]: |o o   o+S        |
         Starting iSCSI initiator daemon (iscsid)...
[   11.312962] cloud-init[949]: |   Eo.oB.        |
[   11.315679] cloud-init[949]: |   . *+.+ .      |
[   11.315890] cloud-init[949]: |    +.=+ =       |
[   11.316886] cloud-init[949]: |   . o+*B.       |
[   11.317375] cloud-init[949]: +----[SHA256]-----+
[[0;32m  OK  [0m] Reached target System Initialization.
[   11.317445] cloud-init[949]: Generating public/private ecdsa key pair.
[   11.319545] cloud-init[949]: Your identification has been saved in /etc/ssh/ssh_host_ecdsa_key.
[   11.320425] cloud-init[949]: Your public key has been saved in /etc/ssh/ssh_host_ecdsa_key.pub.
[   11.320854] cloud-init[949]: The key fingerprint is:
[   11.321097] cloud-init[949]: SHA256:83cukBVUoVcGbOnw2KMO28n5DJ2uV4ru5Pf30spkryI root@ubuntu-xenial
[   11.321365] cloud-init[949]: The key's randomart image is:
[   11.321395] cloud-init[949]: +---[ECDSA 256]---+
[   11.321424] cloud-init[949]: |           ..o++o|
[   11.321651] cloud-init[949]: |            o.+o |
[   11.321679] cloud-init[949]: |            .O.  |
[[0;32m  OK  [0m] Started Message of the Day.
[   11.321851] cloud-init[949]: |            o.=  |
[   11.330459] cloud-init[949]: |        S  o . . |
[   11.331306] cloud-init[949]: |         o+ .. ..|
[[   11.331535] [0;32m  OK  [0mcloud-init] [949]: Started ACPI Events Check.|          .B++*+ |

[   11.332963] cloud-init[949]: |          E+XX=.o|
[   11.333167] cloud-init[949]: |           +=BO=*|
[   11.333701] cloud-init[949]: +----[SHA256]-----+
[   11.334314] cloud-init[949]: Generating public/private ed25519 key pair.
[   11.334909] cloud-init[949]: Your identification has been saved in /etc/ssh/ssh_host_ed25519_key.
[   11.335504] cloud-init[949]: Your public key has been saved in /etc/ssh/ssh_host_ed25519_key.pub.
[   11.336318] cloud-init[949]: The key fingerprint is:
[   11.336906] cloud-init[949]: SHA256:DKao9+4lBFksZpcsEBRsMTJSpZclBcSj0IAyLC5QyXU root@ubuntu-xenial
[   11.337497] cloud-init[949]: The key's randomart image is:
[   11.338092] cloud-init[949]: +--[ED25519 256]--+
[   11.338683] cloud-init[949]: |%&=OB+E          |
[[0;32m  OK  [0m] Reached target Paths.
[   11.338911] cloud-init[949]: |X=X+B=           |
         Starting LXD - unix socket.
[   11.343999] cloud-init[949]: |*=+=o.o          |
[   11.344138] cloud-init[949]: |...+ o o         |
[   11.344369] cloud-init[949]: |. . o   S        |
[   11.345582] cloud-init[949]: | . .             |
[[0;32m  OK  [0m] Listening on UUID daemon activation socket.
[[   11.345837] [0;32m  OK  [0mcloud-init] [949]: Listening on ACPID Listen Socket.|. . . .          |

[   11.357551] cloud-init[949]: | . . o           |
[   11.357740] cloud-init[949]: |   o+            |
[   11.358380] cloud-init[949]: +----[SHA256]-----+
[[0;32m  OK  [0m] Started Daily Cleanup of Temporary Directories.
         Starting Socket activation for snappy daemon.
[[0;32m  OK  [0m] Listening on D-Bus System Message Bus Socket.
[[0;32m  OK  [0m] Started Ubuntu Advantage update messaging.
[[0;32m  OK  [0m] Started Daily apt download activities.
[[0;32m  OK  [0m] Started Daily apt upgrade and clean activities.
[[0;32m  OK  [0m] Reached target Timers.
[[0;32m  OK  [0m] Listening on LXD - unix socket.
[[0;32m  OK  [0m] Listening on Socket activation for snappy daemon.
[[0;32m  OK  [0m] Reached target Sockets.
[[0;32m  OK  [0m] Reached target Basic System.
         Starting /etc/rc.local Compatibility...
         Starting LSB: MD monitoring daemon...
         Starting Accounts Service...
         Starting LSB: Record successful boot for GRUB...
         Starting Login Service...
[[0;32m  OK  [0m] Started Deferred execution scheduler.
[[0;32m  OK  [0m] Started ACPI event daemon.
[[0;32m  OK  [0m] Started FUSE filesystem for LXC.
         Starting Virtualbox guest utils...
         Starting Pollinate to seed the pseudo random number generator...
         Starting System Logging Service...
[[0;32m  OK  [0m] Started Regular background program processing daemon.
         Starting Snap Daemon...
[[0;32m  OK  [0m] Started D-Bus System Message Bus.
         Starting LXD - container startup/shutdown...
[[0;32m  OK  [0m] Started System Logging Service.
[[0;32m  OK  [0m] Started iSCSI initiator daemon (iscsid).
[[0;32m  OK  [0m] Started /etc/rc.local Compatibility.
[[0;32m  OK  [0m] Started Login Service.
[[0;32m  OK  [0m] Started Unattended Upgrades Shutdown.
         Starting Authenticate and Authorize Users to Run Privileged Tasks...
         Starting Login to default iSCSI targets...
[[0;32m  OK  [0m] Started LSB: Record successful boot for GRUB.
[[0;32m  OK  [0m] Started LSB: MD monitoring daemon.
[[0;32m  OK  [0m] Started Login to default iSCSI targets.
[[0;32m  OK  [0m] Reached target Remote File Systems (Pre).
[[0;32m  OK  [0m] Reached target Remote File Systems.
         Starting Permit User Sessions...
         Starting LSB: automatic crash report generation...
         Starting LSB: daemon to balance interrupts for SMP systems...
         Starting LSB: Set the CPU Frequency Scaling governor to "ondemand"...
[[0;32m  OK  [0m] Started Permit User Sessions.
[[0;32m  OK  [0m] Started Authenticate and Authorize Users to Run Privileged Tasks.
[[0;32m  OK  [0m] Started Accounts Service.
         Starting Terminate Plymouth Boot Screen...
         Starting Hold until boot process finishes up...
[[0;32m  OK  [0m] Started Hold until boot process finishes up.
[[0;32m  OK  [0m] Started Terminate Plymouth Boot Screen.
[[0;32m  OK  [0m] Started Serial Getty on ttyS0.
[[0;32m  OK  [0m] Started Getty on tty1.
[[0;32m  OK  [0m] Reached target Login Prompts.
         Starting Set console scheme...
[[0;32m  OK  [0m] Started LXD - container startup/shutdown.
[[0;32m  OK  [0m] Started LSB: daemon to balance interrupts for SMP systems.
[[0;32m  OK  [0m] Started Virtualbox guest utils.
[[0;32m  OK  [0m] Started LSB: Set the CPU Frequency Scaling governor to "ondemand".
[[0;32m  OK  [0m] Started Set console scheme.
[[0;32m  OK  [0m] Started LSB: automatic crash report generation.
[[0;32m  OK  [0m] Started Snap Daemon.
         Starting Wait until snapd is fully seeded...
[[0;32m  OK  [0m] Started Pollinate to seed the pseudo random number generator.
         Starting OpenBSD Secure Shell server...
[[0;32m  OK  [0m] Started OpenBSD Secure Shell server.
[[0;32m  OK  [0m] Created slice User Slice of vagrant.
         Starting User Manager for UID 1000...
[[0;32m  OK  [0m] Started Session 1 of user vagrant.
[[0;32m  OK  [0m] Started User Manager for UID 1000.
[[0;32m  OK  [0m] Started Wait until snapd is fully seeded.
[[0;32m  OK  [0m] Reached target Multi-User System.
[[0;32m  OK  [0m] Reached target Graphical Interface.
         Starting Update UTMP about System Runlevel Changes...
         Starting Apply the settings specified in cloud-config...
[[0;32m  OK  [0m] Started Update UTMP about System Runlevel Changes.
[   12.758382] cloud-init[1361]: Generating locales (this might take a while)...
         Stopping User Manager for UID 1000...
[[0;32m  OK  [0m] Stopped User Manager for UID 1000.
[[0;32m  OK  [0m] Removed slice User Slice of vagrant.
[   13.586940] cloud-init[1361]:   en_US.UTF-8... done
[   13.588872] cloud-init[1361]: Generation complete.
[[0;32m  OK  [0m] Created slice User Slice of vagrant.
         Starting User Manager for UID 1000...
[[0;32m  OK  [0m] Started Session 2 of user vagrant.
[[0;32m  OK  [0m] Started User Manager for UID 1000.
[   13.907292] cloud-init[1361]: Cloud-init v. 21.1-19-gbad84ad4-0ubuntu1~16.04.2 running 'modules:config' at Tue, 10 Aug 2021 09:43:58 +0000. Up 12.63 seconds.
[[0;32m  OK  [0m] Started Apply the settings specified in cloud-config.
         Starting Execute cloud user/final scripts...
ci-info: no authorized SSH keys fingerprints found for user ubuntu.
<14>Aug 10 09:43:59 ec2: 
<14>Aug 10 09:43:59 ec2: #############################################################
<14>Aug 10 09:43:59 ec2: -----BEGIN SSH HOST KEY FINGERPRINTS-----
<14>Aug 10 09:43:59 ec2: 1024 SHA256:Gnamc7y5yl6nLljyYvQvhXHNNBRGfQwdo6TAEguoZvM root@ubuntu-xenial (DSA)
<14>Aug 10 09:43:59 ec2: 256 SHA256:83cukBVUoVcGbOnw2KMO28n5DJ2uV4ru5Pf30spkryI root@ubuntu-xenial (ECDSA)
<14>Aug 10 09:43:59 ec2: 256 SHA256:DKao9+4lBFksZpcsEBRsMTJSpZclBcSj0IAyLC5QyXU root@ubuntu-xenial (ED25519)
<14>Aug 10 09:43:59 ec2: 2048 SHA256:4YQ9knsV5qsP4BukbbOTtXhtZUSkq3ppw1NJ6VPlPYY root@ubuntu-xenial (RSA)
<14>Aug 10 09:43:59 ec2: -----END SSH HOST KEY FINGERPRINTS-----
<14>Aug 10 09:43:59 ec2: #############################################################
-----BEGIN SSH HOST KEY KEYS-----
ecdsa-sha2-nistp256 AAAAE2VjZHNhLXNoYTItbmlzdHAyNTYAAAAIbmlzdHAyNTYAAABBBKoKd/PadmQ0Pv46y4tmX7TXvotBiBWvsDBmmMwSl/hfl5Lw/Ycx8rubSFesnpriRa/+UuWlxweL+GAgZvUpcnY= root@ubuntu-xenial
ssh-ed25519 AAAAC3NzaC1lZDI1NTE5AAAAIGud3I/2f9jvFp17j2Ni2GrwSrol7UY7ShZS9Jf/GKqj root@ubuntu-xenial
ssh-rsa AAAAB3NzaC1yc2EAAAADAQABAAABAQDX4RakBq/pUBYSB6l65+1l17KV3i3dr1cxFqBioDESg8oh4EI8N5cE9vQ8B73BBZwvlhDYLb6p9UyVv8FU6Q+ISx5Ckbm9gWld1/IymJeJqj+iy+o/CT9gYxgKd609ohG1PtNsUKRaoUe2yH4Uym6OuJcjSfS9Sjn0hiFemLXKCJNHXHMl3zRw9wOAhkMTyvv0LJkr6A0xAOI55FxFMG/Prlui9Fby5vvF4FunIue4oQD0YkqdUo2kxjMJV/EICfpb2vyY0ErBKpg/NfHqkj4CaWLt7Gzuct2ruzISAoZB22AD08nOYCpvvkoWiBU+gY6PopHVOZwnWEsuXsNGYVYz root@ubuntu-xenial
-----END SSH HOST KEY KEYS-----
[   14.309602] cloud-init[1604]: Cloud-init v. 21.1-19-gbad84ad4-0ubuntu1~16.04.2 running 'modules:final' at Tue, 10 Aug 2021 09:43:59 +0000. Up 14.17 seconds.
[   14.324934] cloud-init[1604]: ci-info: no authorized SSH keys fingerprints found for user ubuntu.
[   14.328279] cloud-init[1604]: Cloud-init v. 21.1-19-gbad84ad4-0ubuntu1~16.04.2 finished at Tue, 10 Aug 2021 09:43:59 +0000. Datasource DataSourceNoCloud [seed=/dev/sdb][dsmode=net].  Up 14.30 seconds
[[0;32m  OK  [0m] Started Execute cloud user/final scripts.
[[0;32m  OK  [0m] Reached target Cloud-init target.

Ubuntu 16.04.7 LTS ubuntu-xenial ttyS0

ubuntu-xenial login: 